TN:
SF:C:\Projects\React-Proj\code\client\components\EmployeeList.js
FN:7,(anonymous_0)
FN:15,(anonymous_1)
FN:22,(anonymous_2)
FN:30,(anonymous_3)
FN:33,(anonymous_4)
FN:36,(anonymous_5)
FNF:6
FNH:3
FNDA:1,(anonymous_0)
FNDA:0,(anonymous_1)
FNDA:0,(anonymous_2)
FNDA:1,(anonymous_3)
FNDA:3,(anonymous_4)
FNDA:0,(anonymous_5)
DA:4,1
DA:8,1
DA:9,1
DA:10,1
DA:16,0
DA:19,0
DA:23,0
DA:24,0
DA:31,1
DA:32,1
DA:33,1
DA:34,3
DA:36,0
DA:52,1
LF:14
LH:9
BRDA:23,0,0,0
BRDA:23,0,1,0
BRDA:35,1,0,0
BRDA:35,1,1,3
BRF:4
BRH:1
end_of_record
TN:
SF:C:\Projects\React-Proj\code\client\components\Header.js
FN:8,(anonymous_0)
FNF:1
FNH:1
FNDA:1,(anonymous_0)
DA:5,1
DA:9,1
DA:10,1
LF:3
LH:3
BRF:0
BRH:0
end_of_record
TN:
SF:C:\Projects\React-Proj\code\test\jestsetup.js
FN:10,(anonymous_0)
FNF:1
FNH:0
FNDA:0,(anonymous_0)
DA:4,2
DA:6,2
DA:7,2
DA:8,2
DA:10,2
DA:11,0
LF:6
LH:5
BRF:0
BRH:0
end_of_record
